<?xml version="1.0" encoding="UTF-8"?>
<!-- Generated by org.testng.reporters.JUnitXMLReporter -->
<testsuite hostname="DESKTOP-ICF057T" ignored="0" name="Default test" tests="3" failures="0" timestamp="25 Jun 2019 20:16:28 GMT" time="0.113" errors="0">
  <testcase name="googleLogoTest" time="0.015" classname="com.testng.TestNGBasics"/>
  <testcase name="googleTittleTest" time="0.007" classname="com.testng.TestNGBasics"/>
  <testcase name="searchTest" time="0.008" classname="com.testng.TestNGBasics"/>
</testsuite> <!-- Default test -->
