<?xml version="1.0" encoding="UTF-8"?>
<!-- Generated by org.testng.reporters.JUnitXMLReporter -->
<testsuite hostname="TQL5625G" ignored="0" name="Different TestNG Feature Test" tests="15" failures="0" timestamp="22 may 2018 19:02:47 GMT" time="0.062" errors="0">
  <testcase name="test1" time="0.005" classname="com.testng.ExceptionTimeOutTest"/>
  <testcase name="sum" time="0.001" classname="com.testng.InvocationCountTest"/>
  <testcase name="sum" time="0.001" classname="com.testng.InvocationCountTest"/>
  <testcase name="sum" time="0.001" classname="com.testng.InvocationCountTest"/>
  <testcase name="sum" time="0.001" classname="com.testng.InvocationCountTest"/>
  <testcase name="sum" time="0.001" classname="com.testng.InvocationCountTest"/>
  <testcase name="sum" time="0.001" classname="com.testng.InvocationCountTest"/>
  <testcase name="sum" time="0.001" classname="com.testng.InvocationCountTest"/>
  <testcase name="sum" time="0.001" classname="com.testng.InvocationCountTest"/>
  <testcase name="sum" time="0.001" classname="com.testng.InvocationCountTest"/>
  <testcase name="sum" time="0.0" classname="com.testng.InvocationCountTest"/>
  <testcase name="googleLogoTest" time="0.001" classname="com.testng.TestNGBasics"/>
  <testcase name="googleTittleTest" time="0.001" classname="com.testng.TestNGBasics"/>
  <testcase name="searchTest" time="0.001" classname="com.testng.TestNGBasics"/>
  <testcase name="loginTest" time="0.001" classname="com.testng.TestNgFeatures"/>
</testsuite> <!-- Different TestNG Feature Test -->
